2025-12-05T23:02:46.144+0900 [DEBUG] [org.gradle.launcher.daemon.bootstrap.DaemonMain] Assuming the daemon was started with following jvm opts: [--add-opens=java.base/java.util=ALL-UNNAMED, --add-opens=java.base/java.lang=ALL-UNNAMED, --add-opens=java.base/java.lang.invoke=ALL-UNNAMED, --add-opens=java.prefs/java.util.prefs=ALL-UNNAMED, --add-opens=java.base/java.nio.charset=ALL-UNNAMED, --add-opens=java.base/java.net=ALL-UNNAMED, --add-opens=java.base/java.util.concurrent.atomic=ALL-UNNAMED, -XX:MaxMetaspaceSize=384m, -XX:+HeapDumpOnOutOfMemoryError, -Xms256m, -Xmx512m, -Dfile.encoding=UTF-8, -Duser.country=KR, -Duser.language=en, -Duser.variant]
2025-12-05T23:02:46.218+0900 [INFO] [org.gradle.launcher.daemon.server.Daemon] start() called on daemon - DefaultDaemonContext[uid=9163839e-6aa6-47ea-86c5-58c1b381866b,javaHome=/Library/Java/JavaVirtualMachines/temurin-17.jdk/Contents/Home,daemonRegistryDir=/Users/macbookpro14/Documents/web_aivle/fullstack-practice/backend/basic-api/.gradle/daemon,pid=17732,idleTimeout=10800000,priority=NORMAL,applyInstrumentationAgent=true,daemonOpts=--add-opens=java.base/java.util=ALL-UNNAMED,--add-opens=java.base/java.lang=ALL-UNNAMED,--add-opens=java.base/java.lang.invoke=ALL-UNNAMED,--add-opens=java.prefs/java.util.prefs=ALL-UNNAMED,--add-opens=java.base/java.nio.charset=ALL-UNNAMED,--add-opens=java.base/java.net=ALL-UNNAMED,--add-opens=java.base/java.util.concurrent.atomic=ALL-UNNAMED,-XX:MaxMetaspaceSize=384m,-XX:+HeapDumpOnOutOfMemoryError,-Xms256m,-Xmx512m,-Dfile.encoding=UTF-8,-Duser.country=KR,-Duser.language=en,-Duser.variant]
2025-12-05T23:02:46.237+0900 [DEBUG] [org.gradle.internal.remote.internal.inet.InetAddresses] Adding IP addresses for network interface utun5
2025-12-05T23:02:46.238+0900 [DEBUG] [org.gradle.internal.remote.internal.inet.InetAddresses] Is this a loopback interface? false
2025-12-05T23:02:46.238+0900 [DEBUG] [org.gradle.internal.remote.internal.inet.InetAddresses] Adding remote address /fe80:0:0:0:5def:b083:34b7:ff1a%utun5
2025-12-05T23:02:46.238+0900 [DEBUG] [org.gradle.internal.remote.internal.inet.InetAddresses] Adding IP addresses for network interface utun4
2025-12-05T23:02:46.238+0900 [DEBUG] [org.gradle.internal.remote.internal.inet.InetAddresses] Is this a loopback interface? false
2025-12-05T23:02:46.238+0900 [DEBUG] [org.gradle.internal.remote.internal.inet.InetAddresses] Adding remote address /fe80:0:0:0:586f:e986:9416:c7e2%utun4
2025-12-05T23:02:46.238+0900 [DEBUG] [org.gradle.internal.remote.internal.inet.InetAddresses] Adding IP addresses for network interface utun3
2025-12-05T23:02:46.239+0900 [DEBUG] [org.gradle.internal.remote.internal.inet.InetAddresses] Is this a loopback interface? false
2025-12-05T23:02:46.239+0900 [DEBUG] [org.gradle.internal.remote.internal.inet.InetAddresses] Adding remote address /fe80:0:0:0:ce81:b1c:bd2c:69e%utun3
2025-12-05T23:02:46.239+0900 [DEBUG] [org.gradle.internal.remote.internal.inet.InetAddresses] Adding IP addresses for network interface utun2
2025-12-05T23:02:46.239+0900 [DEBUG] [org.gradle.internal.remote.internal.inet.InetAddresses] Is this a loopback interface? false
2025-12-05T23:02:46.239+0900 [DEBUG] [org.gradle.internal.remote.internal.inet.InetAddresses] Adding remote address /fe80:0:0:0:4943:4f4d:a57f:2c8d%utun2
2025-12-05T23:02:46.239+0900 [DEBUG] [org.gradle.internal.remote.internal.inet.InetAddresses] Adding IP addresses for network interface utun1
2025-12-05T23:02:46.239+0900 [DEBUG] [org.gradle.internal.remote.internal.inet.InetAddresses] Is this a loopback interface? false
2025-12-05T23:02:46.239+0900 [DEBUG] [org.gradle.internal.remote.internal.inet.InetAddresses] Adding remote address /fe80:0:0:0:1696:90d9:a124:64b2%utun1
2025-12-05T23:02:46.240+0900 [DEBUG] [org.gradle.internal.remote.internal.inet.InetAddresses] Adding IP addresses for network interface utun0
2025-12-05T23:02:46.240+0900 [DEBUG] [org.gradle.internal.remote.internal.inet.InetAddresses] Is this a loopback interface? false
2025-12-05T23:02:46.240+0900 [DEBUG] [org.gradle.internal.remote.internal.inet.InetAddresses] Adding remote address /fe80:0:0:0:d21b:ec0:ebba:c889%utun0
2025-12-05T23:02:46.240+0900 [DEBUG] [org.gradle.internal.remote.internal.inet.InetAddresses] Adding IP addresses for network interface llw0
2025-12-05T23:02:46.240+0900 [DEBUG] [org.gradle.internal.remote.internal.inet.InetAddresses] Is this a loopback interface? false
2025-12-05T23:02:46.240+0900 [DEBUG] [org.gradle.internal.remote.internal.inet.InetAddresses] Adding remote address /fe80:0:0:0:9032:3eff:fe5b:fa45%llw0
2025-12-05T23:02:46.240+0900 [DEBUG] [org.gradle.internal.remote.internal.inet.InetAddresses] Adding IP addresses for network interface awdl0
2025-12-05T23:02:46.240+0900 [DEBUG] [org.gradle.internal.remote.internal.inet.InetAddresses] Is this a loopback interface? false
2025-12-05T23:02:46.240+0900 [DEBUG] [org.gradle.internal.remote.internal.inet.InetAddresses] Adding remote address /fe80:0:0:0:9032:3eff:fe5b:fa45%awdl0
2025-12-05T23:02:46.240+0900 [DEBUG] [org.gradle.internal.remote.internal.inet.InetAddresses] Adding IP addresses for network interface ap1
2025-12-05T23:02:46.241+0900 [DEBUG] [org.gradle.internal.remote.internal.inet.InetAddresses] Is this a loopback interface? false
2025-12-05T23:02:46.241+0900 [DEBUG] [org.gradle.internal.remote.internal.inet.InetAddresses] Adding remote address /fe80:0:0:0:bcd0:74ff:fe38:15fd%ap1
2025-12-05T23:02:46.241+0900 [DEBUG] [org.gradle.internal.remote.internal.inet.InetAddresses] Adding IP addresses for network interface en0
2025-12-05T23:02:46.241+0900 [DEBUG] [org.gradle.internal.remote.internal.inet.InetAddresses] Is this a loopback interface? false
2025-12-05T23:02:46.241+0900 [DEBUG] [org.gradle.internal.remote.internal.inet.InetAddresses] Adding remote address /2406:5900:1144:90bd:7827:f702:edbb:bd9c%en0
2025-12-05T23:02:46.241+0900 [DEBUG] [org.gradle.internal.remote.internal.inet.InetAddresses] Adding remote address /2406:5900:1144:90bd:410:6d0c:6db6:53aa%en0
2025-12-05T23:02:46.241+0900 [DEBUG] [org.gradle.internal.remote.internal.inet.InetAddresses] Adding remote address /fe80:0:0:0:18f9:a419:2f7:c69e%en0
2025-12-05T23:02:46.241+0900 [DEBUG] [org.gradle.internal.remote.internal.inet.InetAddresses] Adding remote address /192.168.219.101
2025-12-05T23:02:46.241+0900 [DEBUG] [org.gradle.internal.remote.internal.inet.InetAddresses] Adding IP addresses for network interface lo0
2025-12-05T23:02:46.242+0900 [DEBUG] [org.gradle.internal.remote.internal.inet.InetAddresses] Is this a loopback interface? true
2025-12-05T23:02:46.242+0900 [DEBUG] [org.gradle.internal.remote.internal.inet.InetAddresses] Ignoring remote address on loopback interface /fe80:0:0:0:0:0:0:1%lo0
2025-12-05T23:02:46.242+0900 [DEBUG] [org.gradle.internal.remote.internal.inet.InetAddresses] Adding loopback address /0:0:0:0:0:0:0:1%lo0
2025-12-05T23:02:46.242+0900 [DEBUG] [org.gradle.internal.remote.internal.inet.InetAddresses] Adding loopback address /127.0.0.1
2025-12-05T23:02:46.244+0900 [DEBUG] [org.gradle.internal.remote.internal.inet.TcpIncomingConnector] Listening on [3736b654-e21f-45d7-b7d5-5176e5d1410c port:50188, addresses:[localhost/127.0.0.1]].
2025-12-05T23:02:46.252+0900 [DEBUG] [org.gradle.launcher.daemon.server.Daemon] Daemon starting at: Fri Dec 05 23:02:46 KST 2025, with address: [3736b654-e21f-45d7-b7d5-5176e5d1410c port:50188, addresses:[localhost/127.0.0.1]]
2025-12-05T23:02:46.252+0900 [INFO] [org.gradle.launcher.daemon.server.DaemonRegistryUpdater] Advertising the daemon address to the clients: [3736b654-e21f-45d7-b7d5-5176e5d1410c port:50188, addresses:[localhost/127.0.0.1]]
2025-12-05T23:02:46.252+0900 [DEBUG] [org.gradle.launcher.daemon.server.DaemonRegistryUpdater] Advertised daemon context: DefaultDaemonContext[uid=9163839e-6aa6-47ea-86c5-58c1b381866b,javaHome=/Library/Java/JavaVirtualMachines/temurin-17.jdk/Contents/Home,daemonRegistryDir=/Users/macbookpro14/Documents/web_aivle/fullstack-practice/backend/basic-api/.gradle/daemon,pid=17732,idleTimeout=10800000,priority=NORMAL,applyInstrumentationAgent=true,daemonOpts=--add-opens=java.base/java.util=ALL-UNNAMED,--add-opens=java.base/java.lang=ALL-UNNAMED,--add-opens=java.base/java.lang.invoke=ALL-UNNAMED,--add-opens=java.prefs/java.util.prefs=ALL-UNNAMED,--add-opens=java.base/java.nio.charset=ALL-UNNAMED,--add-opens=java.base/java.net=ALL-UNNAMED,--add-opens=java.base/java.util.concurrent.atomic=ALL-UNNAMED,-XX:MaxMetaspaceSize=384m,-XX:+HeapDumpOnOutOfMemoryError,-Xms256m,-Xmx512m,-Dfile.encoding=UTF-8,-Duser.country=KR,-Duser.language=en,-Duser.variant]
2025-12-05T23:02:46.253+0900 [DEBUG] [org.gradle.launcher.daemon.registry.PersistentDaemonRegistry] Storing daemon address: [3736b654-e21f-45d7-b7d5-5176e5d1410c port:50188, addresses:[localhost/127.0.0.1]], context: DefaultDaemonContext[uid=9163839e-6aa6-47ea-86c5-58c1b381866b,javaHome=/Library/Java/JavaVirtualMachines/temurin-17.jdk/Contents/Home,daemonRegistryDir=/Users/macbookpro14/Documents/web_aivle/fullstack-practice/backend/basic-api/.gradle/daemon,pid=17732,idleTimeout=10800000,priority=NORMAL,applyInstrumentationAgent=true,daemonOpts=--add-opens=java.base/java.util=ALL-UNNAMED,--add-opens=java.base/java.lang=ALL-UNNAMED,--add-opens=java.base/java.lang.invoke=ALL-UNNAMED,--add-opens=java.prefs/java.util.prefs=ALL-UNNAMED,--add-opens=java.base/java.nio.charset=ALL-UNNAMED,--add-opens=java.base/java.net=ALL-UNNAMED,--add-opens=java.base/java.util.concurrent.atomic=ALL-UNNAMED,-XX:MaxMetaspaceSize=384m,-XX:+HeapDumpOnOutOfMemoryError,-Xms256m,-Xmx512m,-Dfile.encoding=UTF-8,-Duser.country=KR,-Duser.language=en,-Duser.variant]
2025-12-05T23:02:46.259+0900 [DEBUG] [org.gradle.cache.internal.DefaultFileLockManager] Waiting to acquire exclusive lock on daemon addresses registry.
2025-12-05T23:02:46.260+0900 [DEBUG] [org.gradle.cache.internal.DefaultFileLockManager] Lock acquired on daemon addresses registry.
2025-12-05T23:02:46.263+0900 [DEBUG] [org.gradle.cache.internal.DefaultFileLockManager] Releasing lock on daemon addresses registry.
2025-12-05T23:02:46.263+0900 [LIFECYCLE] [org.gradle.launcher.daemon.server.Daemon] Daemon server started.
2025-12-05T23:02:46.263+0900 [DEBUG] [org.gradle.launcher.daemon.bootstrap.DaemonStartupCommunication] Completed writing the daemon greeting. Closing streams...
2025-12-05T23:02:46.265+0900 [DEBUG] [org.gradle.launcher.daemon.server.Daemon] stopOnExpiration() called on daemon
2025-12-05T23:02:46.266+0900 [DEBUG] [org.gradle.launcher.daemon.server.Daemon] awaitExpiration() called on daemon
2025-12-05T23:02:46.266+0900 [DEBUG] [org.gradle.launcher.daemon.server.DaemonStateCoordinator] daemon is running. Sleeping until state changes.
2025-12-05T23:02:46.271+0900 [DEBUG] [org.gradle.internal.remote.internal.inet.TcpIncomingConnector] Accepted connection from /127.0.0.1:50189 to /127.0.0.1:50188.
2025-12-05T23:02:46.290+0900 [DEBUG] [org.gradle.launcher.daemon.server.SynchronizedDispatchConnection] thread 21: received class org.gradle.launcher.daemon.protocol.Build
2025-12-05T23:02:46.291+0900 [DEBUG] [org.gradle.launcher.daemon.server.DefaultDaemonConnection] thread 21: Received non-IO message from client: Build{id=a9db18fd-252b-456c-9422-5da5296b061e, currentDir=/Users/macbookpro14/Documents/web_aivle/fullstack-practice/backend/basic-api}
2025-12-05T23:02:46.291+0900 [INFO] [org.gradle.launcher.daemon.server.DefaultIncomingConnectionHandler] Received command: Build{id=a9db18fd-252b-456c-9422-5da5296b061e, currentDir=/Users/macbookpro14/Documents/web_aivle/fullstack-practice/backend/basic-api}.
2025-12-05T23:02:46.291+0900 [DEBUG] [org.gradle.launcher.daemon.server.DefaultIncomingConnectionHandler] Starting executing command: Build{id=a9db18fd-252b-456c-9422-5da5296b061e, currentDir=/Users/macbookpro14/Documents/web_aivle/fullstack-practice/backend/basic-api} with connection: socket connection from /127.0.0.1:50188 to /127.0.0.1:50189.
2025-12-05T23:02:46.292+0900 [DEBUG] [org.gradle.launcher.daemon.server.DaemonStateCoordinator] Command execution: started DaemonCommandExecution[command = Build{id=a9db18fd-252b-456c-9422-5da5296b061e, currentDir=/Users/macbookpro14/Documents/web_aivle/fullstack-practice/backend/basic-api}, connection = DefaultDaemonConnection: socket connection from /127.0.0.1:50188 to /127.0.0.1:50189] after 0.0 minutes of idle
2025-12-05T23:02:46.292+0900 [INFO] [org.gradle.launcher.daemon.server.DaemonRegistryUpdater] Marking the daemon as busy, address: [3736b654-e21f-45d7-b7d5-5176e5d1410c port:50188, addresses:[localhost/127.0.0.1]]
2025-12-05T23:02:46.292+0900 [DEBUG] [org.gradle.launcher.daemon.registry.PersistentDaemonRegistry] Marking busy by address: [3736b654-e21f-45d7-b7d5-5176e5d1410c port:50188, addresses:[localhost/127.0.0.1]]
2025-12-05T23:02:46.293+0900 [DEBUG] [org.gradle.cache.internal.DefaultFileLockManager] Waiting to acquire exclusive lock on daemon addresses registry.
2025-12-05T23:02:46.293+0900 [DEBUG] [org.gradle.cache.internal.DefaultFileLockManager] Lock acquired on daemon addresses registry.
2025-12-05T23:02:46.293+0900 [DEBUG] [org.gradle.cache.internal.DefaultFileLockManager] Releasing lock on daemon addresses registry.
2025-12-05T23:02:46.294+0900 [DEBUG] [org.gradle.launcher.daemon.server.DaemonStateCoordinator] resetting idle timer
2025-12-05T23:02:46.294+0900 [DEBUG] [org.gradle.launcher.daemon.server.DaemonStateCoordinator] daemon is running. Sleeping until state changes.
2025-12-05T23:02:46.294+0900 [INFO] [org.gradle.launcher.daemon.server.exec.StartBuildOrRespondWithBusy] Daemon is about to start building Build{id=a9db18fd-252b-456c-9422-5da5296b061e, currentDir=/Users/macbookpro14/Documents/web_aivle/fullstack-practice/backend/basic-api}. Dispatching build started information...
2025-12-05T23:02:46.294+0900 [DEBUG] [org.gradle.launcher.daemon.server.SynchronizedDispatchConnection] thread 23: dispatching org.gradle.launcher.daemon.protocol.BuildStarted@a2019c4
2025-12-05T23:02:46.295+0900 [DEBUG] [org.gradle.launcher.daemon.server.exec.EstablishBuildEnvironment] Configuring env variables: [PYENV_SHELL, PATH, MallocNanoZone, CURSOR_TRACE_ID, ZDOTDIR, RBENV_SHELL, TERM, HOMEBREW_PREFIX, LANG, VSCODE_GIT_IPC_HANDLE, COMMAND_MODE, VSCODE_GIT_ASKPASS_MAIN, CURSOR_CLI_MODE, GRADLE_USER_HOME, VSCODE_INJECTION, COLORTERM, VSCODE_PROFILE_INITIALIZED, VSCODE_GIT_ASKPASS_EXTRA_ARGS, LOGNAME, VSCODE_GIT_ASKPASS_NODE, HOMEBREW_REPOSITORY, XPC_SERVICE_NAME, PWD, TERM_PROGRAM_VERSION, GIT_ASKPASS, INFOPATH, JAVA_MAIN_CLASS_17713, __CFBundleIdentifier, PYENV_VIRTUALENV_INIT, CURSOR_CLI, SHELL, VSCODE_JDWP_ADAPTER_ENDPOINTS, TERM_PROGRAM, USER_ZDOTDIR, HOMEBREW_CELLAR, USER, TMPDIR, ORIGINAL_XDG_CURRENT_DESKTOP, SSH_AUTH_SOCK, XPC_FLAGS, TERM_SESSION_ID, __CF_USER_TEXT_ENCODING, LC_CTYPE, SHLVL, HOME, VSCODE_JAVA_EXEC]
2025-12-05T23:02:46.297+0900 [DEBUG] [org.gradle.launcher.daemon.server.exec.LogToClient] About to start relaying all logs to the client via the connection.
2025-12-05T23:02:46.297+0900 [INFO] [org.gradle.launcher.daemon.server.exec.LogToClient] The client will now receive all logging from the daemon (pid: 17732). The daemon log file: /Users/macbookpro14/Documents/web_aivle/fullstack-practice/backend/basic-api/.gradle/daemon/8.7/daemon-17732.out.log
2025-12-05T23:02:46.298+0900 [INFO] [org.gradle.launcher.daemon.server.exec.LogAndCheckHealth] Starting build in new daemon [memory: 512 MiB]
2025-12-05T23:02:46.299+0900 [DEBUG] [org.gradle.launcher.daemon.server.exec.ExecuteBuild] The daemon has started executing the build.
2025-12-05T23:02:46.299+0900 [DEBUG] [org.gradle.launcher.daemon.server.exec.ExecuteBuild] Executing build with daemon context: DefaultDaemonContext[uid=9163839e-6aa6-47ea-86c5-58c1b381866b,javaHome=/Library/Java/JavaVirtualMachines/temurin-17.jdk/Contents/Home,daemonRegistryDir=/Users/macbookpro14/Documents/web_aivle/fullstack-practice/backend/basic-api/.gradle/daemon,pid=17732,idleTimeout=10800000,priority=NORMAL,applyInstrumentationAgent=true,daemonOpts=--add-opens=java.base/java.util=ALL-UNNAMED,--add-opens=java.base/java.lang=ALL-UNNAMED,--add-opens=java.base/java.lang.invoke=ALL-UNNAMED,--add-opens=java.prefs/java.util.prefs=ALL-UNNAMED,--add-opens=java.base/java.nio.charset=ALL-UNNAMED,--add-opens=java.base/java.net=ALL-UNNAMED,--add-opens=java.base/java.util.concurrent.atomic=ALL-UNNAMED,-XX:MaxMetaspaceSize=384m,-XX:+HeapDumpOnOutOfMemoryError,-Xms256m,-Xmx512m,-Dfile.encoding=UTF-8,-Duser.country=KR,-Duser.language=en,-Duser.variant]

  .   ____          _            __ _ _
 /\\ / ___'_ __ _ _(_)_ __  __ _ \ \ \ \
( ( )\___ | '_ | '_| | '_ \/ _` | \ \ \ \
 \\/  ___)| |_)| | | | | || (_| |  ) ) ) )
  '  |____| .__|_| |_|_| |_\__, | / / / /
 =========|_|==============|___/=/_/_/_/

 :: Spring Boot ::                (v3.3.4)

2025-12-05T23:02:50.397+09:00  INFO 18148 --- [           main] c.example.basicapi.BasicApiApplication   : Starting BasicApiApplication using Java 17.0.17 with PID 18148 (/Users/macbookpro14/Documents/web_aivle/fullstack-practice/backend/basic-api/build/classes/java/main started by macbookpro14 in /Users/macbookpro14/Documents/web_aivle/fullstack-practice/backend/basic-api)
2025-12-05T23:02:50.398+09:00  INFO 18148 --- [           main] c.example.basicapi.BasicApiApplication   : No active profile set, falling back to 1 default profile: "default"
2025-12-05T23:02:50.757+09:00  INFO 18148 --- [           main] o.s.b.w.embedded.tomcat.TomcatWebServer  : Tomcat initialized with port 8080 (http)
2025-12-05T23:02:50.768+09:00  INFO 18148 --- [           main] o.apache.catalina.core.StandardService   : Starting service [Tomcat]
2025-12-05T23:02:50.768+09:00  INFO 18148 --- [           main] o.apache.catalina.core.StandardEngine    : Starting Servlet engine: [Apache Tomcat/10.1.30]
2025-12-05T23:02:50.792+09:00  INFO 18148 --- [           main] o.a.c.c.C.[Tomcat].[localhost].[/]       : Initializing Spring embedded WebApplicationContext
2025-12-05T23:02:50.792+09:00  INFO 18148 --- [           main] w.s.c.ServletWebServerApplicationContext : Root WebApplicationContext: initialization completed in 375 ms
2025-12-05T23:02:50.950+09:00  INFO 18148 --- [           main] o.s.b.w.embedded.tomcat.TomcatWebServer  : Tomcat started on port 8080 (http) with context path '/'
2025-12-05T23:02:50.954+09:00  INFO 18148 --- [           main] c.example.basicapi.BasicApiApplication   : Started BasicApiApplication in 0.703 seconds (process running for 0.839)
2025-12-05T23:03:05.758+09:00  INFO 18148 --- [nio-8080-exec-1] o.a.c.c.C.[Tomcat].[localhost].[/]       : Initializing Spring DispatcherServlet 'dispatcherServlet'
2025-12-05T23:03:05.759+09:00  INFO 18148 --- [nio-8080-exec-1] o.s.web.servlet.DispatcherServlet        : Initializing Servlet 'dispatcherServlet'
2025-12-05T23:03:05.759+09:00  INFO 18148 --- [nio-8080-exec-1] o.s.web.servlet.DispatcherServlet        : Completed initialization in 0 ms
